Determining if the pthread_create exist failed with the following output:
Change Dir: /home/mech-user/vision_ws/src/my_cv_pkg/build/catkin_tools_prebuild/CMakeFiles/CMakeTmp

Run Build Command:"/usr/bin/make" "cmTC_2a664/fast"
/usr/bin/make -f CMakeFiles/cmTC_2a664.dir/build.make CMakeFiles/cmTC_2a664.dir/build
make[1]: ディレクトリ '/home/mech-user/vision_ws/src/my_cv_pkg/build/catkin_tools_prebuild/CMakeFiles/CMakeTmp' に入ります
Building C object CMakeFiles/cmTC_2a664.dir/CheckSymbolExists.c.o
/usr/bin/cc     -o CMakeFiles/cmTC_2a664.dir/CheckSymbolExists.c.o   -c /home/mech-user/vision_ws/src/my_cv_pkg/build/catkin_tools_prebuild/CMakeFiles/CMakeTmp/CheckSymbolExists.c
Linking C executable cmTC_2a664
/usr/bin/cmake -E cmake_link_script CMakeFiles/cmTC_2a664.dir/link.txt --verbose=1
/usr/bin/cc       CMakeFiles/cmTC_2a664.dir/CheckSymbolExists.c.o  -o cmTC_2a664 -rdynamic 
CMakeFiles/cmTC_2a664.dir/CheckSymbolExists.c.o: 関数 `main' 内:
CheckSymbolExists.c:(.text+0x16): `pthread_create' に対する定義されていない参照です
collect2: error: ld returned 1 exit status
CMakeFiles/cmTC_2a664.dir/build.make:97: ターゲット 'cmTC_2a664' のレシピで失敗しました
make[1]: *** [cmTC_2a664] エラー 1
make[1]: ディレクトリ '/home/mech-user/vision_ws/src/my_cv_pkg/build/catkin_tools_prebuild/CMakeFiles/CMakeTmp' から出ます
Makefile:126: ターゲット 'cmTC_2a664/fast' のレシピで失敗しました
make: *** [cmTC_2a664/fast] エラー 2

File /home/mech-user/vision_ws/src/my_cv_pkg/build/catkin_tools_prebuild/CMakeFiles/CMakeTmp/CheckSymbolExists.c:
/* */
#include <pthread.h>

int main(int argc, char** argv)
{
  (void)argv;
#ifndef pthread_create
  return ((int*)(&pthread_create))[argc];
#else
  (void)argc;
  return 0;
#endif
}

Determining if the function pthread_create exists in the pthreads failed with the following output:
Change Dir: /home/mech-user/vision_ws/src/my_cv_pkg/build/catkin_tools_prebuild/CMakeFiles/CMakeTmp

Run Build Command:"/usr/bin/make" "cmTC_e747d/fast"
/usr/bin/make -f CMakeFiles/cmTC_e747d.dir/build.make CMakeFiles/cmTC_e747d.dir/build
make[1]: ディレクトリ '/home/mech-user/vision_ws/src/my_cv_pkg/build/catkin_tools_prebuild/CMakeFiles/CMakeTmp' に入ります
Building C object CMakeFiles/cmTC_e747d.dir/CheckFunctionExists.c.o
/usr/bin/cc    -DCHECK_FUNCTION_EXISTS=pthread_create   -o CMakeFiles/cmTC_e747d.dir/CheckFunctionExists.c.o   -c /usr/share/cmake-3.5/Modules/CheckFunctionExists.c
Linking C executable cmTC_e747d
/usr/bin/cmake -E cmake_link_script CMakeFiles/cmTC_e747d.dir/link.txt --verbose=1
/usr/bin/cc   -DCHECK_FUNCTION_EXISTS=pthread_create    CMakeFiles/cmTC_e747d.dir/CheckFunctionExists.c.o  -o cmTC_e747d -rdynamic -lpthreads 
/usr/bin/ld: -lpthreads が見つかりません
collect2: error: ld returned 1 exit status
CMakeFiles/cmTC_e747d.dir/build.make:97: ターゲット 'cmTC_e747d' のレシピで失敗しました
make[1]: *** [cmTC_e747d] エラー 1
make[1]: ディレクトリ '/home/mech-user/vision_ws/src/my_cv_pkg/build/catkin_tools_prebuild/CMakeFiles/CMakeTmp' から出ます
Makefile:126: ターゲット 'cmTC_e747d/fast' のレシピで失敗しました
make: *** [cmTC_e747d/fast] エラー 2


